<?xml version="1.0" encoding="UTF-8"?>
<!-- Generated by org.testng.reporters.JUnitReportReporter -->
<testsuite skipped="0" hostname="E7841-Tech" name="testCases.LogoutTest" tests="1" failures="0" timestamp="26 Nov 2019 11:04:38 GMT" time="46.807" errors="0">
  <testcase name="doLogin" time="46.807" classname="testCases.LogoutTest"/>
</testsuite> <!-- testCases.LogoutTest -->
