<?xml version="1.0" encoding="UTF-8"?>
<!-- Generated by org.testng.reporters.JUnitReportReporter -->
<testsuite skipped="0" hostname="E7841-Tech" name="testCases.ForgotPasswordTest" tests="1" failures="0" timestamp="26 Nov 2019 11:04:38 GMT" time="45.019" errors="0">
  <testcase name="doLogin" time="45.019" classname="testCases.ForgotPasswordTest"/>
</testsuite> <!-- testCases.ForgotPasswordTest -->
