<?xml version="1.0" encoding="UTF-8"?>
<!-- Generated by org.testng.reporters.JUnitReportReporter -->
<testsuite skipped="0" hostname="E7841-Tech" name="testCases.LoginTest" tests="1" failures="0" timestamp="26 Nov 2019 11:04:38 GMT" time="43.660" errors="0">
  <testcase name="doLogin" time="43.660" classname="testCases.LoginTest"/>
</testsuite> <!-- testCases.LoginTest -->
