<?xml version="1.0" encoding="UTF-8"?>
<!-- Generated by org.testng.reporters.JUnitReportReporter -->
<testsuite skipped="0" hostname="E7841-Tech" name="testCases.RegistrationTest" tests="1" failures="0" timestamp="24 Oct 2019 04:45:24 GMT" time="13.692" errors="0">
  <testcase name="doregisteration" time="13.692" classname="testCases.RegistrationTest"/>
</testsuite> <!-- testCases.RegistrationTest -->
